<?xml version="1.0" encoding="UTF-8"?>
<!-- Generated by org.testng.reporters.JUnitXMLReporter -->
<testsuite ignored="0" hostname="ITINNOH-DW0266" failures="0" tests="1" name="Command line test" time="1.836" errors="0" timestamp="2023-08-04T05:29:27 PDT">
  <testcase classname="base.BaseTest" name="@BeforeMethod method2" time="-1.691152166655E9">
    <failure type="org.testng.TestNGException" message="
Parameter &amp;apos;browser&amp;apos; is required by BeforeMethod on method method2 but has not been marked @Optional or defined
">
      <![CDATA[org.testng.TestNGException: 
Parameter 'browser' is required by BeforeMethod on method method2 but has not been marked @Optional or defined

at java.base/java.util.ArrayList.forEach(ArrayList.java:1511)
at qa.test.TestRunner.main(TestRunner.java:17)
... Removed 25 stack frames]]>
    </failure>
  </testcase> <!-- @BeforeMethod method2 -->
  <testcase classname="base.BaseTest" name="@AfterMethod method3" time="0.0">
    <skipped/>
  </testcase> <!-- @AfterMethod method3 -->
  <testcase classname="qa.test.TestCase2" name="PublishPPI" time="0.002">
    <skipped/>
  </testcase> <!-- PublishPPI -->
</testsuite> <!-- Command line test -->
